<?xml version="1.0" encoding="UTF-8"?>
<testsuite xmlns:xsi="http://www.w3.org/2001/XMLSchema-instance" xsi:noNamespaceSchemaLocation="https://maven.apache.org/surefire/maven-surefire-plugin/xsd/surefire-test-report-3.0.xsd" version="3.0" name="com.cw.club_world_cup.ClubWorldCup2025ApplicationTests" time="5.96" tests="1" errors="0" skipped="0" failures="0">
  <properties>
[...]
</properties>
  <testcase name="contextLoads" classname="com.cw.club_world_cup.ClubWorldCup2025ApplicationTests" time="0.516">
    <system-out><![CDATA[16:58:32.559 [main] INFO org.springframework.test.context.support.AnnotationConfigContextLoaderUtils -- Could not detect default configuration classes for test class [com.cw.club_world_cup.ClubWorldCup2025ApplicationTests]: ClubWorldCup2025ApplicationTests does not declare any static, non-private, non-final, nested classes annotated with @Configuration.
16:58:32.696 [main] INFO org.springframework.boot.test.context.SpringBootTestContextBootstrapper -- Found @SpringBootConfiguration com.cw.club_world_cup.ClubWorldCup2025Application for test class com.cw.club_world_cup.ClubWorldCup2025ApplicationTests

  .   ____          _            __ _ _
 /\\ / ___'_ __ _ _(_)_ __  __ _ \ \ \ \
( ( )\___ | '_ | '_| | '_ \/ _` | \ \ \ \
 \\/  ___)| |_)| | | | | || (_| |  ) ) ) )
  '  |____| .__|_| |_|_| |_\__, | / / / /
 =========|_|==============|___/=/_/_/_/

 :: Spring Boot ::                (v3.3.1)

2024-08-24T16:58:33.114+01:00  INFO 10964 --- [           main] c.c.c.ClubWorldCup2025ApplicationTests   : Starting ClubWorldCup2025ApplicationTests using Java 18.0.2 with PID 10964 (started by Ahmed in D:\intellij\club-world-cup)
2024-08-24T16:58:33.115+01:00  INFO 10964 --- [           main] c.c.c.ClubWorldCup2025ApplicationTests   : No active profile set, falling back to 1 default profile: "default"
2024-08-24T16:58:33.942+01:00  INFO 10964 --- [           main] .s.d.r.c.RepositoryConfigurationDelegate : Bootstrapping Spring Data JPA repositories in DEFAULT mode.
2024-08-24T16:58:34.011+01:00  INFO 10964 --- [           main] .s.d.r.c.RepositoryConfigurationDelegate : Finished Spring Data repository scanning in 56 ms. Found 3 JPA repository interfaces.
2024-08-24T16:58:34.531+01:00  INFO 10964 --- [           main] o.hibernate.jpa.internal.util.LogHelper  : HHH000204: Processing PersistenceUnitInfo [name: default]
2024-08-24T16:58:34.643+01:00  INFO 10964 --- [           main] org.hibernate.Version                    : HHH000412: Hibernate ORM core version 6.5.2.Final
2024-08-24T16:58:34.687+01:00  INFO 10964 --- [           main] o.h.c.internal.RegionFactoryInitiator    : HHH000026: Second-level cache disabled
2024-08-24T16:58:35.064+01:00  INFO 10964 --- [           main] o.s.o.j.p.SpringPersistenceUnitInfo      : No LoadTimeWeaver setup: ignoring JPA class transformer
2024-08-24T16:58:35.113+01:00  INFO 10964 --- [           main] com.zaxxer.hikari.HikariDataSource       : HikariPool-1 - Starting...
2024-08-24T16:58:35.305+01:00  INFO 10964 --- [           main] com.zaxxer.hikari.pool.HikariPool        : HikariPool-1 - Added connection com.mysql.cj.jdbc.ConnectionImpl@7de5871d
2024-08-24T16:58:35.308+01:00  INFO 10964 --- [           main] com.zaxxer.hikari.HikariDataSource       : HikariPool-1 - Start completed.
2024-08-24T16:58:35.352+01:00  WARN 10964 --- [           main] org.hibernate.dialect.Dialect            : HHH000511: The 5.5.5 version for [org.hibernate.dialect.MySQLDialect] is no longer supported, hence certain features may not work properly. The minimum supported version is 8.0.0. Check the community dialects project for available legacy versions.
2024-08-24T16:58:35.357+01:00  WARN 10964 --- [           main] org.hibernate.orm.deprecation            : HHH90000025: MySQLDialect does not need to be specified explicitly using 'hibernate.dialect' (remove the property setting and it will be selected by default)
2024-08-24T16:58:36.182+01:00  INFO 10964 --- [           main] o.h.e.t.j.p.i.JtaPlatformInitiator       : HHH000489: No JTA platform available (set 'hibernate.transaction.jta.platform' to enable JTA platform integration)
2024-08-24T16:58:36.245+01:00  INFO 10964 --- [           main] j.LocalContainerEntityManagerFactoryBean : Initialized JPA EntityManagerFactory for persistence unit 'default'
2024-08-24T16:58:36.612+01:00  INFO 10964 --- [           main] o.s.d.j.r.query.QueryEnhancerFactory     : Hibernate is in classpath; If applicable, HQL parser will be used.
2024-08-24T16:58:37.085+01:00  WARN 10964 --- [           main] JpaBaseConfiguration$JpaWebConfiguration : spring.jpa.open-in-view is enabled by default. Therefore, database queries may be performed during view rendering. Explicitly configure spring.jpa.open-in-view to disable this warning
2024-08-24T16:58:37.107+01:00  WARN 10964 --- [           main] .s.s.UserDetailsServiceAutoConfiguration : 

Using generated security password: f06a4d55-5f51-446e-b738-b33f5aad00d5

This generated password is for development use only. Your security configuration must be updated before running your application in production.

2024-08-24T16:58:37.812+01:00  INFO 10964 --- [           main] c.c.c.ClubWorldCup2025ApplicationTests   : Started ClubWorldCup2025ApplicationTests in 4.965 seconds (process running for 5.993)
]]></system-out>
  </testcase>
</testsuite>